Flow report for DE0_SOC_NoHPS
Tue Sep 06 10:20:56 2016
Quartus Prime Version 16.0.0 Build 211 04/27/2016 SJ Lite Edition


---------------------
; Table of Contents ;
---------------------
  1. Legal Notice
  2. Flow Summary
  3. Flow Settings
  4. Flow Non-Default Global Settings
  5. Flow Elapsed Time
  6. Flow OS Summary
  7. Flow Log
  8. Flow Messages
  9. Flow Suppressed Messages



----------------
; Legal Notice ;
----------------
Copyright (C) 1991-2016 Altera Corporation. All rights reserved.
Your use of Altera Corporation's design tools, logic functions 
and other software and tools, and its AMPP partner logic 
functions, and any output files from any of the foregoing 
(including device programming or simulation files), and any 
associated documentation or information are expressly subject 
to the terms and conditions of the Altera Program License 
Subscription Agreement, the Altera Quartus Prime License Agreement,
the Altera MegaCore Function License Agreement, or other 
applicable license agreement, including, without limitation, 
that your use is for the sole purpose of programming logic 
devices manufactured by Altera and sold by Altera or its 
authorized distributors.  Please refer to the applicable 
agreement for further details.



+-------------------------------------------------------------------------------+
; Flow Summary                                                                  ;
+---------------------------------+---------------------------------------------+
; Flow Status                     ; Successful - Tue Sep 06 10:20:41 2016       ;
; Quartus Prime Version           ; 16.0.0 Build 211 04/27/2016 SJ Lite Edition ;
; Revision Name                   ; DE0_SOC_NoHPS                               ;
; Top-level Entity Name           ; DE0_SOC_NoHPS_Top_Level                     ;
; Family                          ; Cyclone V                                   ;
; Device                          ; 5CSEMA4U23C6                                ;
; Timing Models                   ; Final                                       ;
; Logic utilization (in ALMs)     ; 1 / 15,880 ( < 1 % )                        ;
; Total registers                 ; 0                                           ;
; Total pins                      ; 89 / 314 ( 28 % )                           ;
; Total virtual pins              ; 0                                           ;
; Total block memory bits         ; 0 / 2,764,800 ( 0 % )                       ;
; Total DSP Blocks                ; 0 / 84 ( 0 % )                              ;
; Total HSSI RX PCSs              ; 0                                           ;
; Total HSSI PMA RX Deserializers ; 0                                           ;
; Total HSSI TX PCSs              ; 0                                           ;
; Total HSSI PMA TX Serializers   ; 0                                           ;
; Total PLLs                      ; 0 / 5 ( 0 % )                               ;
; Total DLLs                      ; 0 / 4 ( 0 % )                               ;
+---------------------------------+---------------------------------------------+


+-----------------------------------------+
; Flow Settings                           ;
+-------------------+---------------------+
; Option            ; Setting             ;
+-------------------+---------------------+
; Start date & time ; 09/06/2016 10:19:41 ;
; Main task         ; Compilation         ;
; Revision Name     ; DE0_SOC_NoHPS       ;
+-------------------+---------------------+


+------------------------------------------------------------------------------------------------------------------------------------+
; Flow Non-Default Global Settings                                                                                                   ;
+-------------------------------------+---------------------------------------+---------------+-------------------------+------------+
; Assignment Name                     ; Value                                 ; Default Value ; Entity Name             ; Section Id ;
+-------------------------------------+---------------------------------------+---------------+-------------------------+------------+
; COMPILER_SIGNATURE_ID               ; 22371679399624.147317878112556        ; --            ; --                      ; --         ;
; MAX_CORE_JUNCTION_TEMP              ; 85                                    ; --            ; --                      ; --         ;
; MIN_CORE_JUNCTION_TEMP              ; 0                                     ; --            ; --                      ; --         ;
; PARTITION_COLOR                     ; 16764057                              ; --            ; DE0_SOC_NoHPS_Top_Level ; Top        ;
; PARTITION_FITTER_PRESERVATION_LEVEL ; PLACEMENT_AND_ROUTING                 ; --            ; DE0_SOC_NoHPS_Top_Level ; Top        ;
; PARTITION_NETLIST_TYPE              ; SOURCE                                ; --            ; DE0_SOC_NoHPS_Top_Level ; Top        ;
; POWER_BOARD_THERMAL_MODEL           ; None (CONSERVATIVE)                   ; --            ; --                      ; --         ;
; POWER_PRESET_COOLING_SOLUTION       ; 23 MM HEAT SINK WITH 200 LFPM AIRFLOW ; --            ; --                      ; --         ;
; TOP_LEVEL_ENTITY                    ; DE0_SOC_NoHPS_Top_Level               ; DE0_SOC_NoHPS ; --                      ; --         ;
+-------------------------------------+---------------------------------------+---------------+-------------------------+------------+


+-------------------------------------------------------------------------------------------------------------------------------+
; Flow Elapsed Time                                                                                                             ;
+---------------------------+--------------+-------------------------+---------------------+------------------------------------+
; Module Name               ; Elapsed Time ; Average Processors Used ; Peak Virtual Memory ; Total CPU Time (on all processors) ;
+---------------------------+--------------+-------------------------+---------------------+------------------------------------+
; Analysis & Synthesis      ; 00:00:13     ; 1.0                     ; 965 MB              ; 00:00:31                           ;
; Fitter                    ; 00:00:32     ; 1.0                     ; 2350 MB             ; 00:00:41                           ;
; Assembler                 ; 00:00:10     ; 1.0                     ; 916 MB              ; 00:00:05                           ;
; TimeQuest Timing Analyzer ; 00:00:13     ; 1.0                     ; 1161 MB             ; 00:00:07                           ;
; Total                     ; 00:01:08     ; --                      ; --                  ; 00:01:24                           ;
+---------------------------+--------------+-------------------------+---------------------+------------------------------------+


+----------------------------------------------------------------------------------------+
; Flow OS Summary                                                                        ;
+---------------------------+------------------+-----------+------------+----------------+
; Module Name               ; Machine Hostname ; OS Name   ; OS Version ; Processor type ;
+---------------------------+------------------+-----------+------------+----------------+
; Analysis & Synthesis      ; OmaliAI          ; Windows 8 ; 6.2        ; x86_64         ;
; Fitter                    ; OmaliAI          ; Windows 8 ; 6.2        ; x86_64         ;
; Assembler                 ; OmaliAI          ; Windows 8 ; 6.2        ; x86_64         ;
; TimeQuest Timing Analyzer ; OmaliAI          ; Windows 8 ; 6.2        ; x86_64         ;
+---------------------------+------------------+-----------+------------+----------------+


------------
; Flow Log ;
------------
quartus_map --read_settings_files=on --write_settings_files=off DE0_SOC_NoHPS -c DE0_SOC_NoHPS
quartus_fit --read_settings_files=off --write_settings_files=off DE0_SOC_NoHPS -c DE0_SOC_NoHPS
quartus_asm --read_settings_files=off --write_settings_files=off DE0_SOC_NoHPS -c DE0_SOC_NoHPS
quartus_sta DE0_SOC_NoHPS -c DE0_SOC_NoHPS



